<?xml version="1.0" encoding="UTF-8"?>
<!-- Generated by org.testng.reporters.JUnitReportReporter -->
<testsuite hostname="DESKTOP-9HD1UFT" failures="0" tests="1" name="driverFactory.AppTest" time="87.280" errors="0" timestamp="2024-02-20T11:04:51 IST" skipped="0">
  <testcase classname="driverFactory.AppTest" name="kickStart" time="87.280">
    <system-out>
      <![CDATA[Stock-000000460     Stock-000000460
Supplier-00000001435     Supplier-00000001435
Customer-00000002517     Customer-00000002517]]>
    </system-out>
  </testcase> <!-- kickStart -->
  <system-out>
    <![CDATA[Stock-000000460     Stock-000000460
Supplier-00000001435     Supplier-00000001435
Customer-00000002517     Customer-00000002517]]>
  </system-out>
</testsuite> <!-- driverFactory.AppTest -->
