<?xml version="1.0" encoding="UTF-8"?>
<!-- Generated by org.testng.reporters.JUnitReportReporter -->
<testsuite hostname="DESKTOP-JHQ1828" failures="0" tests="1" name="driverfactory.DriverScript" time="16.846" errors="0" timestamp="2024-02-17T15:31:54 IST" skipped="0">
  <testcase classname="driverfactory.DriverScript" name="starttest" time="16.846"/>
  <system-out/>
</testsuite> <!-- driverfactory.DriverScript -->
