<?xml version="1.0" encoding="UTF-8"?>
<!-- Generated by org.testng.reporters.JUnitReportReporter -->
<testsuite hostname="DESKTOP-JHQ1828" failures="0" tests="1" name="driverfactory.AppTest" time="32.253" errors="0" timestamp="2024-02-20T16:43:56 IST" skipped="0">
  <testcase classname="driverfactory.AppTest" name="kickstart" time="32.253"/>
  <system-out>
    <![CDATA[Supplier-00000001454    Supplier-00000001454]]>
  </system-out>
</testsuite> <!-- driverfactory.AppTest -->
